timestamp: 2017-03-16T18:19:18.097000
CREATE TABLE auth_user(
    id INTEGER PRIMARY KEY AUTOINCREMENT,
    first_name CHAR(128),
    last_name CHAR(128),
    email CHAR(512),
    password CHAR(512),
    registration_key CHAR(512),
    reset_password_key CHAR(512),
    registration_id CHAR(512),
    phone CHAR(512)
);
success!
timestamp: 2017-03-16T18:19:18.234000
CREATE TABLE auth_group(
    id INTEGER PRIMARY KEY AUTOINCREMENT,
    role CHAR(512),
    description TEXT
);
success!
timestamp: 2017-03-16T18:19:18.347000
CREATE TABLE auth_membership(
    id INTEGER PRIMARY KEY AUTOINCREMENT,
    user_id INTEGER REFERENCES auth_user (id) ON DELETE CASCADE  ,
    group_id INTEGER REFERENCES auth_group (id) ON DELETE CASCADE  
);
success!
timestamp: 2017-03-16T18:19:18.481000
CREATE TABLE auth_permission(
    id INTEGER PRIMARY KEY AUTOINCREMENT,
    group_id INTEGER REFERENCES auth_group (id) ON DELETE CASCADE  ,
    name CHAR(512),
    table_name CHAR(512),
    record_id INTEGER
);
success!
timestamp: 2017-03-16T18:19:18.593000
CREATE TABLE auth_event(
    id INTEGER PRIMARY KEY AUTOINCREMENT,
    time_stamp TIMESTAMP,
    client_ip CHAR(512),
    user_id INTEGER REFERENCES auth_user (id) ON DELETE CASCADE  ,
    origin CHAR(512),
    description TEXT
);
success!
timestamp: 2017-03-16T18:19:18.704000
CREATE TABLE auth_cas(
    id INTEGER PRIMARY KEY AUTOINCREMENT,
    user_id INTEGER REFERENCES auth_user (id) ON DELETE CASCADE  ,
    created_on TIMESTAMP,
    service CHAR(512),
    ticket CHAR(512),
    renew CHAR(1)
);
success!
timestamp: 2017-03-16T18:19:18.844000
CREATE TABLE listing(
    id INTEGER PRIMARY KEY AUTOINCREMENT,
    user_id INTEGER REFERENCES auth_user (id) ON DELETE CASCADE  ,
    name CHAR(512),
    email CHAR(512),
    phone CHAR(512),
    created_on TIMESTAMP,
    title CHAR(512),
    start_date CHAR(512),
    end_date CHAR(512),
    start_time CHAR(512),
    end_time CHAR(512),
    location_from CHAR(512),
    location_to CHAR(512),
    mileage_difference CHAR(512),
    housing_type CHAR(512),
    housing_desired CHAR(512),
    housing_available CHAR(512),
    v_type CHAR(512),
    ve_type CHAR(512),
    vbors CHAR(512),
    v_model CHAR(512),
    v_year CHAR(512),
    v_price CHAR(512),
    description TEXT,
    picture CHAR(512),
    listing_type CHAR(512),
    money CHAR(512),
    monday CHAR(1),
    tuesday CHAR(1),
    wednesday CHAR(1),
    thursday CHAR(1),
    friday CHAR(1),
    saturday CHAR(1),
    sunday CHAR(1)
);
success!
timestamp: 2017-03-17T10:16:14.695000
ALTER TABLE listing ADD distance CHAR(512);
success!
